This is pdfTeX, Version 3.141592653-2.6-1.40.22 (TeX Live 2022/dev/Debian) (preloaded format=latex 2023.3.11)  11 MAR 2023 18:30
entering extended mode
 restricted \write18 enabled.
 %&-line parsing enabled.
**\makeatletter\def\HCode{\futurelet\HCode\HChar}\def\HChar{\ifx"\HCode\def\HCo
de"##1"{\Link##1}\expandafter\HCode\else\expandafter\Link\fi}\def\Link#1.a.b.c.
{\AddToHook{class/before}{\RequirePackage[#1,html]{tex4ht}\RequirePackage{tex4e
book}\Configure{ext}{xhtml}}\let\HCode\documentstyle\def\documentstyle{\let\doc
umentstyle\HCode\expandafter\def\csname tex4ht\endcsname{#1,html}\def\HCode####
1{\documentstyle[tex4ht,}\@ifnextchar[{\HCode}{\documentstyle[tex4ht]}}}\makeat
other\HCode xhtml,mathml,charset=utf-8,charset=utf-8,epub3,html5,uni-html4.a.b.
c.\input "\detokenize{paper459.tex}"
(./paper459.tex (/usr/share/texlive/texmf-dist/tex/generic/tex4ht/tex4ht.sty
version 2021-09-14-14:11
Package: tex4ht 
--------------------------------------
--- Note --- for _ at preamble, use the command line option `early_'
--------------------------------------
--------------------------------------
--- Note --- for ^ at preamble, use the command line option `early^'
--------------------------------------
\tmp:toks=\toks16
) (/usr/share/texlive/texmf-dist/tex/generic/tex4ht/usepackage.4ht
version 2022-01-11-14:12
) (/usr/share/texlive/texmf-dist/tex/latex/tex4ebook/tex4ebook.sty
Package: tex4ebook 2016/03/31 version 0.1d
(/usr/share/texlive/texmf-dist/tex/latex/etoolbox/etoolbox.sty
Package: etoolbox 2020/10/05 v2.5k e-TeX tools for LaTeX (JAW)
\etb@tempcnta=\count185
) (/usr/share/texlive/texmf-dist/tex/latex/kvoptions/kvoptions.sty
Package: kvoptions 2020-10-07 v3.14 Key value format for package options (HO)
(/usr/share/texlive/texmf-dist/tex/latex/graphics/keyval.sty
Package: keyval 2014/10/28 v1.15 key=value parser (DPC)
\KV@toks@=\toks17
) (/usr/share/texlive/texmf-dist/tex/generic/ltxcmds/ltxcmds.sty
Package: ltxcmds 2020-05-10 v1.25 LaTeX kernel commands for general use (HO)
) (/usr/share/texlive/texmf-dist/tex/generic/kvsetkeys/kvsetkeys.sty
Package: kvsetkeys 2019/12/15 v1.18 Key value parser (HO)
)) (/usr/share/texlive/texmf-dist/tex/latex/graphics/graphicx.sty
Package: graphicx 2021/09/16 v1.2d Enhanced LaTeX Graphics (DPC,SPQR)
(/usr/share/texlive/texmf-dist/tex/generic/tex4ht/graphics-hooks.4ht
version 2020-10-17-13:53
) (/usr/share/texlive/texmf-dist/tex/latex/graphics/graphics.sty
Package: graphics 2021/03/04 v1.4d Standard LaTeX Graphics (DPC,SPQR)
(/usr/share/texlive/texmf-dist/tex/latex/graphics/trig.sty
Package: trig 2021/08/11 v1.11 sin cos tan (DPC)
) (/usr/share/texlive/texmf-dist/tex/latex/graphics-cfg/graphics.cfg
File: graphics.cfg 2016/06/04 v1.11 sample graphics configuration
)
Package graphics Info: Driver file: dvips.def on input line 107.
(/usr/share/texlive/texmf-dist/tex/latex/graphics-def/dvips.def
File: dvips.def 2017/06/20 v3.1d Graphics/color driver for dvips
))
\Gin@req@height=\dimen138
\Gin@req@width=\dimen139
)) (/usr/share/texlive/texmf-dist/tex/latex/llncs/llncs.cls
Document Class: llncs 2022/01/12 v2.21 
 LaTeX document class for Lecture Notes in Computer Science
(/usr/share/texlive/texmf-dist/tex/latex/base/article.cls
Document Class: article 2021/10/04 v1.4n Standard LaTeX document class
(/usr/share/texlive/texmf-dist/tex/latex/base/size10.clo
File: size10.clo 2021/10/04 v1.4n Standard LaTeX file (size option)
)
\c@part=\count186
\c@section=\count187
\c@subsection=\count188
\c@subsubsection=\count189
\c@paragraph=\count190
\c@subparagraph=\count191
\c@figure=\count192
\c@table=\count193
\abovecaptionskip=\skip47
\belowcaptionskip=\skip48
\bibindent=\dimen140
) (/usr/share/texlive/texmf-dist/tex/latex/tools/multicol.sty
Package: multicol 2021/10/28 v1.9b multicolumn formatting (FMi)
\c@tracingmulticols=\count194
\mult@box=\box50
\multicol@leftmargin=\dimen141
\c@unbalance=\count195
\c@collectmore=\count196
\doublecol@number=\count197
\multicoltolerance=\count198
\multicolpretolerance=\count199
\full@width=\dimen142
\page@free=\dimen143
\premulticols=\dimen144
\postmulticols=\dimen145
\multicolsep=\skip49
\multicolbaselineskip=\skip50
\partial@page=\box51
\last@line=\box52
\maxbalancingoverflow=\dimen146
\mult@rightbox=\box53
\mult@grightbox=\box54
\mult@firstbox=\box55
\mult@gfirstbox=\box56
\@tempa=\box57
\@tempa=\box58
\@tempa=\box59
\@tempa=\box60
\@tempa=\box61
\@tempa=\box62
\@tempa=\box63
\@tempa=\box64
\@tempa=\box65
\@tempa=\box66
\@tempa=\box67
\@tempa=\box68
\@tempa=\box69
\@tempa=\box70
\@tempa=\box71
\@tempa=\box72
\@tempa=\box73
\@tempa=\box74
\@tempa=\box75
\@tempa=\box76
\@tempa=\box77
\@tempa=\box78
\@tempa=\box79
\@tempa=\box80
\@tempa=\box81
\@tempa=\box82
\@tempa=\box83
\@tempa=\box84
\@tempa=\box85
\@tempa=\box86
\@tempa=\box87
\@tempa=\box88
\@tempa=\box89
\@tempa=\box90
\@tempa=\box91
\@tempa=\box92
\c@minrows=\count266
\c@columnbadness=\count267
\c@finalcolumnbadness=\count268
\last@try=\dimen147
\multicolovershoot=\dimen148
\multicolundershoot=\dimen149
\mult@nat@firstbox=\box93
\colbreak@box=\box94
\mc@col@check@num=\count269
) (/usr/share/texlive/texmf-dist/tex/latex/oberdiek/aliascnt.sty
Package: aliascnt 2018/09/07 v1.5 Alias counters (HO)
)
\c@chapter=\count270
LaTeX Font Info:    Redeclaring math symbol \Gamma on input line 362.
LaTeX Font Info:    Redeclaring math symbol \Delta on input line 363.
LaTeX Font Info:    Redeclaring math symbol \Theta on input line 364.
LaTeX Font Info:    Redeclaring math symbol \Lambda on input line 365.
LaTeX Font Info:    Redeclaring math symbol \Xi on input line 366.
LaTeX Font Info:    Redeclaring math symbol \Pi on input line 367.
LaTeX Font Info:    Redeclaring math symbol \Sigma on input line 368.
LaTeX Font Info:    Redeclaring math symbol \Upsilon on input line 369.
LaTeX Font Info:    Redeclaring math symbol \Phi on input line 370.
LaTeX Font Info:    Redeclaring math symbol \Psi on input line 371.
LaTeX Font Info:    Redeclaring math symbol \Omega on input line 372.
\tocchpnum=\dimen150
\tocsecnum=\dimen151
\tocsectotal=\dimen152
\tocsubsecnum=\dimen153
\tocsubsectotal=\dimen154
\tocsubsubsecnum=\dimen155
\tocsubsubsectotal=\dimen156
\tocparanum=\dimen157
\tocparatotal=\dimen158
\tocsubparanum=\dimen159
\@tempcntc=\count271
\fnindent=\dimen160
\c@@inst=\count272
\c@@auth=\count273
\c@auco=\count274
\instindent=\dimen161
\authrun=\box95
\authorrunning=\toks18
\tocauthor=\toks19
\titrun=\box96
\titlerunning=\toks20
\toctitle=\toks21
\c@theorem=\count275
\c@case=\count276
\c@conjecture=\count277
\c@corollary=\count278
\c@definition=\count279
\c@example=\count280
\c@exercise=\count281
\c@lemma=\count282
\c@note=\count283
\c@problem=\count284
\c@property=\count285
\c@proposition=\count286
\c@question=\count287
\c@solution=\count288
\c@remark=\count289
\headlineindent=\dimen162
) (/usr/share/texlive/texmf-dist/tex/latex/doublestroke/dsfont.sty
Package: dsfont 1995/08/01 v0.1 Double stroke roman fonts
) (/usr/share/texlive/texmf-dist/tex/latex/base/exscale.sty
Package: exscale 2018/09/24 v2.1i Standard LaTeX package exscale
LaTeX Font Info:    Redeclaring symbol font `largesymbols' on input line 57.
LaTeX Font Info:    Overwriting symbol font `largesymbols' in version `normal'
(Font)                  OMX/cmex/m/n --> OMX/cmex/m/n on input line 57.
LaTeX Font Info:    Overwriting symbol font `largesymbols' in version `bold'
(Font)                  OMX/cmex/m/n --> OMX/cmex/m/n on input line 57.
\big@size=\dimen163
) (/usr/share/texlive/texmf-dist/tex/latex/amsmath/amsmath.sty
Package: amsmath 2021/10/15 v2.17l AMS math features
\@mathmargin=\skip51
For additional information on amsmath, use the `?' option.
(/usr/share/texlive/texmf-dist/tex/latex/amsmath/amstext.sty
Package: amstext 2021/08/26 v2.01 AMS text
(/usr/share/texlive/texmf-dist/tex/latex/amsmath/amsgen.sty
File: amsgen.sty 1999/11/30 v2.0 generic functions
\@emptytoks=\toks22
\ex@=\dimen164
)) (/usr/share/texlive/texmf-dist/tex/latex/amsmath/amsbsy.sty
Package: amsbsy 1999/11/29 v1.2d Bold Symbols
\pmbraise@=\dimen165
) (/usr/share/texlive/texmf-dist/tex/latex/amsmath/amsopn.sty
Package: amsopn 2021/08/26 v2.02 operator names
)
\inf@bad=\count290
LaTeX Info: Redefining \frac on input line 234.
\uproot@=\count291
\leftroot@=\count292
LaTeX Info: Redefining \overline on input line 399.
\classnum@=\count293
\DOTSCASE@=\count294
LaTeX Info: Redefining \ldots on input line 496.
LaTeX Info: Redefining \dots on input line 499.
LaTeX Info: Redefining \cdots on input line 620.
\Mathstrutbox@=\box97
\strutbox@=\box98
\big@size=\dimen166
LaTeX Font Info:    Redeclaring font encoding OML on input line 743.
LaTeX Font Info:    Redeclaring font encoding OMS on input line 744.
\macc@depth=\count295
\c@MaxMatrixCols=\count296
\dotsspace@=\muskip16
\c@parentequation=\count297
\dspbrk@lvl=\count298
\tag@help=\toks23
\row@=\count299
\column@=\count300
\maxfields@=\count301
\andhelp@=\toks24
\eqnshift@=\dimen167
\alignsep@=\dimen168
\tagshift@=\dimen169
\tagwidth@=\dimen170
\totwidth@=\dimen171
\lineht@=\dimen172
\@envbody=\toks25
\multlinegap=\skip52
\multlinetaggap=\skip53
\mathdisplay@stack=\toks26
LaTeX Info: Redefining \[ on input line 2938.
LaTeX Info: Redefining \] on input line 2939.
) (/usr/share/texlive/texmf-dist/tex/latex/amsfonts/amssymb.sty
Package: amssymb 2013/01/14 v3.01 AMS font symbols
(/usr/share/texlive/texmf-dist/tex/latex/amsfonts/amsfonts.sty
Package: amsfonts 2013/01/14 v3.01 Basic AMSFonts support
\symAMSa=\mathgroup4
\symAMSb=\mathgroup5
LaTeX Font Info:    Redeclaring math symbol \hbar on input line 98.
LaTeX Font Info:    Overwriting math alphabet `\mathfrak' in version `bold'
(Font)                  U/euf/m/n --> U/euf/b/n on input line 106.
)) (/usr/share/texlive/texmf-dist/tex/latex/graphics/color.sty
Package: color 2021/12/07 v1.3c Standard LaTeX Color (DPC)
(/usr/share/texlive/texmf-dist/tex/latex/graphics-cfg/color.cfg
File: color.cfg 2016/01/02 v1.6 sample color configuration
)
Package color Info: Driver file: dvips.def on input line 149.
(/usr/share/texlive/texmf-dist/tex/latex/graphics/dvipsnam.def
File: dvipsnam.def 2016/06/17 v3.0m Driver-dependent file (DPC,SPQR)
)) (/usr/share/texlive/texmf-dist/tex/generic/tex4ht/hyperref-hooks.4ht
version 2021-12-11-13:37
) (/usr/share/texlive/texmf-dist/tex/latex/hyperref/hyperref.sty
Package: hyperref 2021-06-07 v7.00m Hypertext links for LaTeX
(/usr/share/texlive/texmf-dist/tex/generic/iftex/iftex.sty
Package: iftex 2020/03/06 v1.0d TeX engine tests
) (/usr/share/texlive/texmf-dist/tex/generic/pdftexcmds/pdftexcmds.sty
Package: pdftexcmds 2020-06-27 v0.33 Utility functions of pdfTeX for LuaTeX (HO
)
(/usr/share/texlive/texmf-dist/tex/generic/infwarerr/infwarerr.sty
Package: infwarerr 2019/12/03 v1.5 Providing info/warning/error messages (HO)
)
Package pdftexcmds Info: \pdf@primitive is available.
Package pdftexcmds Info: \pdf@ifprimitive is available.
Package pdftexcmds Info: \pdfdraftmode is ignored in DVI mode.
) (/usr/share/texlive/texmf-dist/tex/generic/kvdefinekeys/kvdefinekeys.sty
Package: kvdefinekeys 2019-12-19 v1.6 Define keys (HO)
) (/usr/share/texlive/texmf-dist/tex/generic/pdfescape/pdfescape.sty
Package: pdfescape 2019/12/09 v1.15 Implements pdfTeX's escape features (HO)
) (/usr/share/texlive/texmf-dist/tex/latex/hycolor/hycolor.sty
Package: hycolor 2020-01-27 v1.10 Color options for hyperref/bookmark (HO)
) (/usr/share/texlive/texmf-dist/tex/latex/letltxmacro/letltxmacro.sty
Package: letltxmacro 2019/12/03 v1.6 Let assignment for LaTeX macros (HO)
) (/usr/share/texlive/texmf-dist/tex/latex/auxhook/auxhook.sty
Package: auxhook 2019-12-17 v1.6 Hooks for auxiliary files (HO)

Package auxhook Warning: Cannot patch \document,
(auxhook)                using \AtBeginDocument instead.

)
\@linkdim=\dimen173
\Hy@linkcounter=\count302
\Hy@pagecounter=\count303
(/usr/share/texlive/texmf-dist/tex/latex/hyperref/pd1enc.def
File: pd1enc.def 2021-06-07 v7.00m Hyperref: PDFDocEncoding definition (HO)
Now handling font encoding PD1 ...
... no UTF-8 mapping file for font encoding PD1
) (/usr/share/texlive/texmf-dist/tex/latex/hyperref/hyperref-langpatches.def
File: hyperref-langpatches.def 2021-06-07 v7.00m Hyperref: patches for babel la
nguages
) (/usr/share/texlive/texmf-dist/tex/generic/intcalc/intcalc.sty
Package: intcalc 2019/12/15 v1.3 Expandable calculations with integers (HO)
) (/usr/share/texlive/texmf-dist/tex/generic/etexcmds/etexcmds.sty
Package: etexcmds 2019/12/15 v1.7 Avoid name clashes with e-TeX commands (HO)
)
\Hy@SavedSpaceFactor=\count304
(/usr/share/texlive/texmf-dist/tex/latex/hyperref/puenc.def
File: puenc.def 2021-06-07 v7.00m Hyperref: PDF Unicode definition (HO)
Now handling font encoding PU ...
... no UTF-8 mapping file for font encoding PU
)
Package hyperref Info: Option `colorlinks' set `true' on input line 4073.
Package hyperref Info: Hyper figures OFF on input line 4192.
Package hyperref Info: Link nesting OFF on input line 4197.
Package hyperref Info: Hyper index ON on input line 4200.
Package hyperref Info: Plain pages OFF on input line 4207.
Package hyperref Info: Backreferencing OFF on input line 4212.
Package hyperref Info: Implicit mode ON; LaTeX internals redefined.
Package hyperref Info: Bookmarks ON on input line 4445.
\c@Hy@tempcnt=\count305
(/usr/share/texlive/texmf-dist/tex/latex/url/url.sty
\Urlmuskip=\muskip17
Package: url 2013/09/16  ver 3.4  Verb mode for urls, etc.
)
LaTeX Info: Redefining \url on input line 4804.
\XeTeXLinkMargin=\dimen174
(/usr/share/texlive/texmf-dist/tex/generic/bitset/bitset.sty
Package: bitset 2019/12/09 v1.3 Handle bit-vector datatype (HO)
(/usr/share/texlive/texmf-dist/tex/generic/bigintcalc/bigintcalc.sty
Package: bigintcalc 2019/12/15 v1.5 Expandable calculations on big integers (HO
)
))
\Fld@menulength=\count306
\Field@Width=\dimen175
\Fld@charsize=\dimen176
\Field@toks=\toks27
Package hyperref Info: Hyper figures OFF on input line 6076.
Package hyperref Info: Link nesting OFF on input line 6081.
Package hyperref Info: Hyper index ON on input line 6084.
Package hyperref Info: backreferencing OFF on input line 6091.
Package hyperref Info: Link coloring ON on input line 6094.
Package hyperref Info: Link coloring with OCG OFF on input line 6101.
Package hyperref Info: PDF/A mode OFF on input line 6106.
LaTeX Info: Redefining \ref on input line 6146.
LaTeX Info: Redefining \pageref on input line 6150.
(/usr/share/texlive/texmf-dist/tex/latex/base/atbegshi-ltx.sty
Package: atbegshi-ltx 2021/01/10 v1.0c Emulation of the original atbegshi
package with kernel methods
)
\Hy@abspage=\count307

Package hyperref Message: Stopped early.

)
Package hyperref Info: Driver: htex4ht.
(/usr/share/texlive/texmf-dist/tex/latex/hyperref/htex4ht.def
File: htex4ht.def 2021-06-07 v7.00m Hyperref driver for TeX4ht
Package hyperref Info: tex4ht is already loaded.
) (/usr/share/texlive/texmf-dist/tex/latex/base/ifthen.sty
Package: ifthen 2020/11/24 v1.1c Standard LaTeX ifthen package (DPC)
) (/usr/share/texlive/texmf-dist/tex/latex/hyperref/nameref.sty
Package: nameref 2021-04-02 v2.47 Cross-referencing by name of section
(/usr/share/texlive/texmf-dist/tex/latex/refcount/refcount.sty
Package: refcount 2019/12/15 v3.6 Data extraction from label references (HO)
) (/usr/share/texlive/texmf-dist/tex/generic/gettitlestring/gettitlestring.sty
Package: gettitlestring 2019/12/15 v1.6 Cleanup title references (HO)
)
\c@section@level=\count308
) (/usr/share/texlive/texmf-dist/tex/latex/oberdiek/hypcap.sty
Package: hypcap 2016/05/16 v1.12 Adjusting the anchors of captions (HO)
)
Package hyperref Info: Option `linktocpage' set `true' on input line 29.
Package hyperref Info: Option `bookmarksnumbered' set `true' on input line 29.
Package hyperref Info: Option `colorlinks' set `true' on input line 29.
Package hyperref Info: Option `breaklinks' set `true' on input line 29.
Package hyperref Info: Option `raiselinks' set `true' on input line 29.
(/usr/share/texlive/texmf-dist/tex/latex/booktabs/booktabs.sty
Package: booktabs 2020/01/12 v1.61803398 Publication quality tables
\heavyrulewidth=\dimen177
\lightrulewidth=\dimen178
\cmidrulewidth=\dimen179
\belowrulesep=\dimen180
\belowbottomsep=\dimen181
\aboverulesep=\dimen182
\abovetopsep=\dimen183
\cmidrulesep=\dimen184
\cmidrulekern=\dimen185
\defaultaddspace=\dimen186
\@cmidla=\count309
\@cmidlb=\count310
\@aboverulesep=\dimen187
\@belowrulesep=\dimen188
\@thisruleclass=\count311
\@lastruleclass=\count312
\@thisrulewidth=\dimen189
) (/usr/share/texlive/texmf-dist/tex/latex/base/makeidx.sty
Package: makeidx 2021/10/04 v1.0m Standard LaTeX package
) (/usr/share/texlive/texmf-dist/tex/generic/tex4ht/tex4ht.4ht
version 2021-06-20-15:33
--------------------------------------
--- Note --- for additional information, use the command line option `info'
--------------------------------------
::::::::::::::::::::::::::::::::::::::::::
 TeX4ht info is available in the log file 
::::::::::::::::::::::::::::::::::::::::::
) (/usr/share/texlive/texmf-dist/tex/generic/tex4ht/tex4ht.sty
version 2021-09-14-14:11
l.855 --- TeX4ht warning --- nonprimitive \everypar ---
--- needs --- tex4ht paper459 ---
\tmp:cnt=\count313
\openout15 = `paper459.tmp'.

(./paper459.tmp)
\tmp:dim=\skip54
(./paper459.xref
! Undefined control sequence.
<argument> )Qfigure.\theHfigure 
                                
l.10 \:CrossWord{)Qfigure.\theHfigure }{1}{7}
                                             %
The control sequence at the end of the top line
of your error message was never \def'ed. If you have
misspelled it (e.g., `\hobx'), type `I' and the correct
spelling (e.g., `I\hbox'). Otherwise just continue,
and I'll forget about whatever was undefined.

! Undefined control sequence.
<argument> )Qfigure.\theHfigure 
                                
l.10 \:CrossWord{)Qfigure.\theHfigure }{1}{7}
                                             %
The control sequence at the end of the top line
of your error message was never \def'ed. If you have
misspelled it (e.g., `\hobx'), type `I' and the correct
spelling (e.g., `I\hbox'). Otherwise just continue,
and I'll forget about whatever was undefined.

! Undefined control sequence.
<argument> )Qfigure.\theHfigure 
                                
l.13 \:CrossWord{)Qfigure.\theHfigure }{1}{10}
                                              %
The control sequence at the end of the top line
of your error message was never \def'ed. If you have
misspelled it (e.g., `\hobx'), type `I' and the correct
spelling (e.g., `I\hbox'). Otherwise just continue,
and I'll forget about whatever was undefined.

! Undefined control sequence.
<argument> )Qfigure.\theHfigure 
                                
l.13 \:CrossWord{)Qfigure.\theHfigure }{1}{10}
                                              %
The control sequence at the end of the top line
of your error message was never \def'ed. If you have
misspelled it (e.g., `\hobx'), type `I' and the correct
spelling (e.g., `I\hbox'). Otherwise just continue,
and I'll forget about whatever was undefined.

! Undefined control sequence.
<argument> )Qfigure.\theHfigure 
                                
l.13 \:CrossWord{)Qfigure.\theHfigure }{1}{10}
                                              %
The control sequence at the end of the top line
of your error message was never \def'ed. If you have
misspelled it (e.g., `\hobx'), type `I' and the correct
spelling (e.g., `I\hbox'). Otherwise just continue,
and I'll forget about whatever was undefined.

! Undefined control sequence.
<argument> )Qfigure.\theHfigure 
                                
l.19 \:CrossWord{)Qfigure.\theHfigure }{1}{15}
                                              %
The control sequence at the end of the top line
of your error message was never \def'ed. If you have
misspelled it (e.g., `\hobx'), type `I' and the correct
spelling (e.g., `I\hbox'). Otherwise just continue,
and I'll forget about whatever was undefined.

! Undefined control sequence.
<argument> )Qfigure.\theHfigure 
                                
l.19 \:CrossWord{)Qfigure.\theHfigure }{1}{15}
                                              %
The control sequence at the end of the top line
of your error message was never \def'ed. If you have
misspelled it (e.g., `\hobx'), type `I' and the correct
spelling (e.g., `I\hbox'). Otherwise just continue,
and I'll forget about whatever was undefined.

! Undefined control sequence.
<argument> )Qfigure.\theHfigure 
                                
l.19 \:CrossWord{)Qfigure.\theHfigure }{1}{15}
                                              %
The control sequence at the end of the top line
of your error message was never \def'ed. If you have
misspelled it (e.g., `\hobx'), type `I' and the correct
spelling (e.g., `I\hbox'). Otherwise just continue,
and I'll forget about whatever was undefined.

! Undefined control sequence.
<argument> )Qtable.\theHtable 
                              
l.25 \:CrossWord{)Qtable.\theHtable }{1}{19}
                                            %
The control sequence at the end of the top line
of your error message was never \def'ed. If you have
misspelled it (e.g., `\hobx'), type `I' and the correct
spelling (e.g., `I\hbox'). Otherwise just continue,
and I'll forget about whatever was undefined.

! Undefined control sequence.
<argument> )Qtable.\theHtable 
                              
l.25 \:CrossWord{)Qtable.\theHtable }{1}{19}
                                            %
The control sequence at the end of the top line
of your error message was never \def'ed. If you have
misspelled it (e.g., `\hobx'), type `I' and the correct
spelling (e.g., `I\hbox'). Otherwise just continue,
and I'll forget about whatever was undefined.

! Undefined control sequence.
<argument> )Qfigure.\theHfigure 
                                
l.33 \:CrossWord{)Qfigure.\theHfigure }{1}{22}
                                              %
The control sequence at the end of the top line
of your error message was never \def'ed. If you have
misspelled it (e.g., `\hobx'), type `I' and the correct
spelling (e.g., `I\hbox'). Otherwise just continue,
and I'll forget about whatever was undefined.

! Undefined control sequence.
<argument> )Qfigure.\theHfigure 
                                
l.33 \:CrossWord{)Qfigure.\theHfigure }{1}{22}
                                              %
The control sequence at the end of the top line
of your error message was never \def'ed. If you have
misspelled it (e.g., `\hobx'), type `I' and the correct
spelling (e.g., `I\hbox'). Otherwise just continue,
and I'll forget about whatever was undefined.

! Undefined control sequence.
<argument> )Qfigure.\theHfigure 
                                
l.33 \:CrossWord{)Qfigure.\theHfigure }{1}{22}
                                              %
The control sequence at the end of the top line
of your error message was never \def'ed. If you have
misspelled it (e.g., `\hobx'), type `I' and the correct
spelling (e.g., `I\hbox'). Otherwise just continue,
and I'll forget about whatever was undefined.

! Undefined control sequence.
<argument> )Qtable.\theHtable 
                              
l.36 \:CrossWord{)Qtable.\theHtable }{1}{25}
                                            %
The control sequence at the end of the top line
of your error message was never \def'ed. If you have
misspelled it (e.g., `\hobx'), type `I' and the correct
spelling (e.g., `I\hbox'). Otherwise just continue,
and I'll forget about whatever was undefined.

! Undefined control sequence.
<argument> )Qtable.\theHtable 
                              
l.36 \:CrossWord{)Qtable.\theHtable }{1}{25}
                                            %
The control sequence at the end of the top line
of your error message was never \def'ed. If you have
misspelled it (e.g., `\hobx'), type `I' and the correct
spelling (e.g., `I\hbox'). Otherwise just continue,
and I'll forget about whatever was undefined.

! Undefined control sequence.
<argument> )Qtable.\theHtable 
                              
l.36 \:CrossWord{)Qtable.\theHtable }{1}{25}
                                            %
The control sequence at the end of the top line
of your error message was never \def'ed. If you have
misspelled it (e.g., `\hobx'), type `I' and the correct
spelling (e.g., `I\hbox'). Otherwise just continue,
and I'll forget about whatever was undefined.

)
\:refout=\write3
\openout3 = `paper459.xref'.

(/usr/share/texlive/texmf-dist/tex/generic/tex4ht/html4.4ht
version 2022-02-03-14:35
--------------------------------------
--- Note --- to remove the <?xml version=...?> processing instruction use the c
ommand line option `no-VERSION'
--------------------------------------
--------------------------------------
--- Note --- to remove the DOCTYPE declaration use the command line option `no-
DOCTYPE'
--------------------------------------
) (/usr/share/texlive/texmf-dist/tex/generic/tex4ht/unicode.4ht
version 2021-06-19-14:11
) (/usr/share/texlive/texmf-dist/tex/generic/tex4ht/mathml.4ht
version 2021-11-30-15:01
) (/usr/share/texlive/texmf-dist/tex/generic/tex4ht/html-mml.4ht
version 2021-04-17-18:22
) (/usr/share/texlive/texmf-dist/tex/generic/tex4ht/html5.4ht
version 2022-01-23-07:51
)
--------------------------------------
--- Note --- for marking of the base font, use the command line option `fonts+'

--------------------------------------
--------------------------------------
--- Note --- for non active _, use the command line option `no_'
--------------------------------------
--------------------------------------
--- Note --- for _ of catcode 13, use the command line option `_13'
--------------------------------------
--------------------------------------
--- Note --- for non active ^, use the command line option `no^'
--------------------------------------
--------------------------------------
--- Note --- for ^ of catcode 13, use the command line option `^13'
--------------------------------------
(/usr/share/texlive/texmf-dist/tex/generic/tex4ht/html4.4ht
version 2022-02-03-14:35
--------------------------------------
--- Note --- to ignore CSS font decoration, use the `NoFonts' command line opti
on
--------------------------------------
--------------------------------------
--- Note --- for jpg bitmaps of pictures, use the `jpg' command line option. (C
haracter bitmaps are controled only by `g' records of tex4ht.env and `-g' switc
hes of tex4ht.c) 
--------------------------------------
--------------------------------------
--- Note --- for gif bitmaps of pictures, use the `gif' command line option. (C
haracter bitmaps are controled only by `g' records of tex4ht.env and `-g' switc
hes of tex4ht.c) 
--------------------------------------
--------------------------------------
--- Note --- for content and toc in 2 frames, use the command line option `fram
es'
--------------------------------------
--------------------------------------
--- Note --- for content, toc, and footnotes in 3 frames, use the command line 
option `frames-fn'
--------------------------------------
--------------------------------------
--- Note --- for file extension name xht, use the command line option `xht'
--------------------------------------
TeX4ht package options: xhtml,mathml,charset=utf-8,epub3,html5,uni-html4,html
--------------------------------------
--- Note --- To print a timestamp, use the command line option timestamp
--------------------------------------
--------------------------------------
--- Note --- to ignore CSS code, use the command line option `-css
--------------------------------------
--------------------------------------
--- Note --- for inline CSS code, use the command line option `css-in'
--------------------------------------
--------------------------------------
--- Note --- for pop ups on mouse over, use the command line option `mouseover'

--------------------------------------
--------------------------------------
--- Note --- for addressing images in a subdirectory, use the command line opti
on `imgdir:.../'
--------------------------------------
) (/usr/share/texlive/texmf-dist/tex/generic/tex4ht/unicode.4ht
version 2021-06-19-14:11
) (/usr/share/texlive/texmf-dist/tex/generic/tex4ht/mathml.4ht
version 2021-11-30-15:01
) (/usr/share/texlive/texmf-dist/tex/generic/tex4ht/html-mml.4ht
version 2021-04-17-18:22
) (/usr/share/texlive/texmf-dist/tex/generic/tex4ht/html5.4ht
version 2022-01-23-07:51
--------------------------------------
--- Note --- To print a timestamp, use the command line option timestamp
--------------------------------------
)
\:tokwrite=\toks28
\:tokpage=\toks29
--------------------------------------
--- Note --- for back links to toc, use the command line option `sections+'
--------------------------------------
--------------------------------------
--- Note --- for linear crosslinks of pages, use the command line option `next'

--------------------------------------
\openout15 = `paper459.4ct'.

\:tocout=\write4
\openout4 = `paper459.4tc'.

(/usr/share/texlive/texmf-dist/tex/generic/tex4ht/html4.4ht
version 2022-02-03-14:35
) (/usr/share/texlive/texmf-dist/tex/generic/tex4ht/unicode.4ht
version 2021-06-19-14:11
) (/usr/share/texlive/texmf-dist/tex/generic/tex4ht/mathml.4ht
version 2021-11-30-15:01
) (/usr/share/texlive/texmf-dist/tex/generic/tex4ht/html-mml.4ht
version 2021-04-17-18:22
) (/usr/share/texlive/texmf-dist/tex/generic/tex4ht/html5.4ht
version 2022-01-23-07:51
) (/usr/share/texlive/texmf-dist/tex/generic/tex4ht/latex.4ht
version 2022-02-01-14:27
LaTeX Info: Redefining \_ on input line 173.
LaTeX Info: Redefining \, on input line 792.
LaTeX Info: Redefining \; on input line 793.
LaTeX Info: Redefining \! on input line 794.
LaTeX Info: Redefining \: on input line 795.
LaTeX Info: Redefining \> on input line 796.
--------------------------------------
--- Note --- for links into captions, instead of float heads, use the command l
ine option `refcaption'
--------------------------------------
(/usr/share/texlive/texmf-dist/tex/generic/tex4ht/html4.4ht
version 2022-02-03-14:35
) (/usr/share/texlive/texmf-dist/tex/generic/tex4ht/unicode.4ht
version 2021-06-19-14:11
) (/usr/share/texlive/texmf-dist/tex/generic/tex4ht/mathml.4ht
version 2021-11-30-15:01
) (/usr/share/texlive/texmf-dist/tex/generic/tex4ht/html-mml.4ht
version 2021-04-17-18:22
) (/usr/share/texlive/texmf-dist/tex/generic/tex4ht/html5.4ht
version 2022-01-23-07:51
) (/usr/share/texlive/texmf-dist/tex/generic/tex4ht/html4.4ht
version 2022-02-03-14:35
--------------------------------------
--- Note --- For mini tocs immediately aftter the header use the command line o
ption `minitoc<'
--------------------------------------
--------------------------------------
--- Note --- for enumerated list elements with valued data, use the command lin
e option `enumerate+'
--------------------------------------
--------------------------------------
--- Note --- for enumerated list elements li's with value attributes, use the c
ommand line option `enumerate-'
--------------------------------------
--------------------------------------
--- Note --- for CSS2 code, use the command line option `css2'
--------------------------------------
--------------------------------------
--- Note --- for pictorial tabular, use the command line option `pic-tabular'
--------------------------------------
--------------------------------------
--- Note --- for bitmap fbox'es, use the command line option `pic-fbox'
--------------------------------------
--------------------------------------
--- Note --- for bitmap framebox'es, use the command line option `pic-framebox'

--------------------------------------
--------------------------------------
--- Note --- for inline footnotes use command line option `fn-in'
--------------------------------------
--------------------------------------
--- Note --- for tracing of latex font commands, use the command line option `f
onts'
--------------------------------------
--------------------------------------
--- Note --- for width specifications of tabular p entries, use the `p-width' c
ommand line option or a configuration similar to \Configure{HColWidth}{\HCode{ 
style="width:\HColWidth"}}
--------------------------------------
) (/usr/share/texlive/texmf-dist/tex/generic/tex4ht/unicode.4ht
version 2021-06-19-14:11
) (/usr/share/texlive/texmf-dist/tex/generic/tex4ht/mathml.4ht
version 2021-11-30-15:01
) (/usr/share/texlive/texmf-dist/tex/generic/tex4ht/html-mml.4ht
version 2021-04-17-18:22
) (/usr/share/texlive/texmf-dist/tex/generic/tex4ht/html5.4ht
version 2022-01-23-07:51
)) (/usr/share/texlive/texmf-dist/tex/generic/tex4ht/fontmath.4ht
version 2018-11-06-15:55
(/usr/share/texlive/texmf-dist/tex/generic/tex4ht/html4.4ht
version 2022-02-03-14:35
) (/usr/share/texlive/texmf-dist/tex/generic/tex4ht/unicode.4ht
version 2021-06-19-14:11
) (/usr/share/texlive/texmf-dist/tex/generic/tex4ht/mathml.4ht
version 2021-11-30-15:01
\tmp:bx=\box99
[1

]
LaTeX Font Info:    Trying to load font information for U+msa on input line 141
1.
(/usr/share/texlive/texmf-dist/tex/latex/amsfonts/umsa.fd
File: umsa.fd 2013/01/14 v3.01 AMS symbols A
)
LaTeX Font Info:    Trying to load font information for U+msb on input line 141
1.
(/usr/share/texlive/texmf-dist/tex/latex/amsfonts/umsb.fd
File: umsb.fd 2013/01/14 v3.01 AMS symbols B
) [2] [3] [4] [5] [6] [7] [8] [9] [10] [11] [12] [13] [14] [15] [16] [17] [18] 
[19] [20] [21] [22] [23] [24] [25] [26] [27] [28] [29] [30] [31] [32] [33] [34]
[35] [36] [37] [38] [39] [40] [41] [42] [43] [44] [45] [46] [47] [48] [49] [50]
[51] [52] [53]) (/usr/share/texlive/texmf-dist/tex/generic/tex4ht/html-mml.4ht
version 2021-04-17-18:22
) (/usr/share/texlive/texmf-dist/tex/generic/tex4ht/html5.4ht
version 2022-01-23-07:51
)) (/usr/share/texlive/texmf-dist/tex/latex/tex4ebook/tex4ebook.4ht
\opf:htmlid=\count314
\navpoint=\count315
(/usr/share/texlive/texmf-dist/tex/latex/tex4ebook/tex4ebook-epub3.4ht
\footnotebox=\box100
)) (/usr/share/texlive/texmf-dist/tex/generic/tex4ht/graphicx.4ht
version 2022-01-12-13:53
(/usr/share/texlive/texmf-dist/tex/generic/tex4ht/html4.4ht
version 2022-02-03-14:35
) (/usr/share/texlive/texmf-dist/tex/generic/tex4ht/unicode.4ht
version 2021-06-19-14:11
) (/usr/share/texlive/texmf-dist/tex/generic/tex4ht/mathml.4ht
version 2021-11-30-15:01
) (/usr/share/texlive/texmf-dist/tex/generic/tex4ht/html-mml.4ht
version 2021-04-17-18:22
) (/usr/share/texlive/texmf-dist/tex/generic/tex4ht/html5.4ht
version 2022-01-23-07:51
)) (/usr/share/texlive/texmf-dist/tex/generic/tex4ht/graphics.4ht
version 2021-08-12-13:49
(/usr/share/texlive/texmf-dist/tex/generic/tex4ht/html4.4ht
version 2022-02-03-14:35
--------------------------------------
--- Note --- if included graphics are of degraded quality, try the command line
 options `graphics-num' or `graphics-'. The `num' should provide the density of
 pixels in the bitmaps (e.g., 110). 
--------------------------------------
--------------------------------------
--- Note --- for key dimensions try the option `Gin-dim'; for key dimensions wh
en bounding box is unavailable try `Gin-dim+'; neither is recommended
--------------------------------------
) (/usr/share/texlive/texmf-dist/tex/generic/tex4ht/unicode.4ht
version 2021-06-19-14:11
) (/usr/share/texlive/texmf-dist/tex/generic/tex4ht/mathml.4ht
version 2021-11-30-15:01
) (/usr/share/texlive/texmf-dist/tex/generic/tex4ht/html-mml.4ht
version 2021-04-17-18:22
) (/usr/share/texlive/texmf-dist/tex/generic/tex4ht/html5.4ht
version 2022-01-23-07:51
)) (/usr/share/texlive/texmf-dist/tex/generic/tex4ht/dvips.4ht
version 2009-05-21-09:32
(/usr/share/texlive/texmf-dist/tex/generic/tex4ht/html4.4ht
version 2022-02-03-14:35
) (/usr/share/texlive/texmf-dist/tex/generic/tex4ht/unicode.4ht
version 2021-06-19-14:11
) (/usr/share/texlive/texmf-dist/tex/generic/tex4ht/mathml.4ht
version 2021-11-30-15:01
) (/usr/share/texlive/texmf-dist/tex/generic/tex4ht/html-mml.4ht
version 2021-04-17-18:22
) (/usr/share/texlive/texmf-dist/tex/generic/tex4ht/html5.4ht
version 2022-01-23-07:51
)) (/usr/share/texlive/texmf-dist/tex/generic/tex4ht/llncs.4ht
version 2009-05-21-09:32
) (/usr/share/texlive/texmf-dist/tex/generic/tex4ht/article.4ht
version 2021-05-16-09:21
(/usr/share/texlive/texmf-dist/tex/generic/tex4ht/html4.4ht
version 2022-02-03-14:35
--------------------------------------
--- Note --- for automatic sectioning pagination, use the command line option `
1', `2', `3', '4', '5', '6', or '7'
--------------------------------------
--------------------------------------
--- Note --- for files named derived from section titles, use the command line 
option `sec-filename'
--------------------------------------
--------------------------------------
--- Note --- for i-columns index, use the command line option `index=i' (e.g., 
index=2)
--------------------------------------
) (/usr/share/texlive/texmf-dist/tex/generic/tex4ht/unicode.4ht
version 2021-06-19-14:11
) (/usr/share/texlive/texmf-dist/tex/generic/tex4ht/mathml.4ht
version 2021-11-30-15:01
) (/usr/share/texlive/texmf-dist/tex/generic/tex4ht/html-mml.4ht
version 2021-04-17-18:22
) (/usr/share/texlive/texmf-dist/tex/generic/tex4ht/html5.4ht
version 2022-01-23-07:51
)) (/usr/share/texlive/texmf-dist/tex/generic/tex4ht/multicol.4ht
version 2021-06-20-09:36
(/usr/share/texlive/texmf-dist/tex/generic/tex4ht/html4.4ht
version 2022-02-03-14:35
) (/usr/share/texlive/texmf-dist/tex/generic/tex4ht/unicode.4ht
version 2021-06-19-14:11
) (/usr/share/texlive/texmf-dist/tex/generic/tex4ht/mathml.4ht
version 2021-11-30-15:01
) (/usr/share/texlive/texmf-dist/tex/generic/tex4ht/html-mml.4ht
version 2021-04-17-18:22
) (/usr/share/texlive/texmf-dist/tex/generic/tex4ht/html5.4ht
version 2022-01-23-07:51
)) (/usr/share/texlive/texmf-dist/tex/generic/tex4ht/dsfont.4ht
version 2009-05-21-09:32
(/usr/share/texlive/texmf-dist/tex/generic/tex4ht/html4.4ht
version 2022-02-03-14:35
) (/usr/share/texlive/texmf-dist/tex/generic/tex4ht/unicode.4ht
version 2021-06-19-14:11
) (/usr/share/texlive/texmf-dist/tex/generic/tex4ht/mathml.4ht
version 2021-11-30-15:01
) (/usr/share/texlive/texmf-dist/tex/generic/tex4ht/html-mml.4ht
version 2021-04-17-18:22
) (/usr/share/texlive/texmf-dist/tex/generic/tex4ht/html5.4ht
version 2022-01-23-07:51
)) (/usr/share/texlive/texmf-dist/tex/generic/tex4ht/amsmath.4ht
version 2019-12-29-14:17
\tmp:muskip=\muskip18
(/usr/share/texlive/texmf-dist/tex/generic/tex4ht/html4.4ht
version 2022-02-03-14:35
) (/usr/share/texlive/texmf-dist/tex/generic/tex4ht/unicode.4ht
version 2021-06-19-14:11
) (/usr/share/texlive/texmf-dist/tex/generic/tex4ht/mathml.4ht
version 2021-11-30-15:01
) (/usr/share/texlive/texmf-dist/tex/generic/tex4ht/html-mml.4ht
version 2021-04-17-18:22
) (/usr/share/texlive/texmf-dist/tex/generic/tex4ht/html5.4ht
version 2022-01-23-07:51
)) (/usr/share/texlive/texmf-dist/tex/generic/tex4ht/amstext.4ht
version 2009-05-21-09:32
(/usr/share/texlive/texmf-dist/tex/generic/tex4ht/html4.4ht
version 2022-02-03-14:35
) (/usr/share/texlive/texmf-dist/tex/generic/tex4ht/unicode.4ht
version 2021-06-19-14:11
) (/usr/share/texlive/texmf-dist/tex/generic/tex4ht/mathml.4ht
version 2021-11-30-15:01
) (/usr/share/texlive/texmf-dist/tex/generic/tex4ht/html-mml.4ht
version 2021-04-17-18:22
) (/usr/share/texlive/texmf-dist/tex/generic/tex4ht/html5.4ht
version 2022-01-23-07:51
)) (/usr/share/texlive/texmf-dist/tex/generic/tex4ht/amsbsy.4ht
version 2009-05-21-09:32
(/usr/share/texlive/texmf-dist/tex/generic/tex4ht/html4.4ht
version 2022-02-03-14:35
) (/usr/share/texlive/texmf-dist/tex/generic/tex4ht/unicode.4ht
version 2021-06-19-14:11
) (/usr/share/texlive/texmf-dist/tex/generic/tex4ht/mathml.4ht
version 2021-11-30-15:01
) (/usr/share/texlive/texmf-dist/tex/generic/tex4ht/html-mml.4ht
version 2021-04-17-18:22
) (/usr/share/texlive/texmf-dist/tex/generic/tex4ht/html5.4ht
version 2022-01-23-07:51
)) (/usr/share/texlive/texmf-dist/tex/generic/tex4ht/amsopn.4ht
version 2009-05-21-09:32
(/usr/share/texlive/texmf-dist/tex/generic/tex4ht/html4.4ht
version 2022-02-03-14:35
) (/usr/share/texlive/texmf-dist/tex/generic/tex4ht/unicode.4ht
version 2021-06-19-14:11
) (/usr/share/texlive/texmf-dist/tex/generic/tex4ht/mathml.4ht
version 2021-11-30-15:01
) (/usr/share/texlive/texmf-dist/tex/generic/tex4ht/html-mml.4ht
version 2021-04-17-18:22
) (/usr/share/texlive/texmf-dist/tex/generic/tex4ht/html5.4ht
version 2022-01-23-07:51
)) (/usr/share/texlive/texmf-dist/tex/generic/tex4ht/amssymb.4ht
version 2009-05-21-09:32
(/usr/share/texlive/texmf-dist/tex/generic/tex4ht/html4.4ht
version 2022-02-03-14:35
) (/usr/share/texlive/texmf-dist/tex/generic/tex4ht/unicode.4ht
version 2021-06-19-14:11
) (/usr/share/texlive/texmf-dist/tex/generic/tex4ht/mathml.4ht
version 2021-11-30-15:01
[54] [55] [56] [57] [58] [59] [60] [61] [62] [63] [64] [65] [66] [67] [68] [69]
[70] [71] [72] [73] [74] [75] [76] [77] [78] [79] [80] [81] [82] [83] [84] [85]
[86] [87] [88] [89] [90] [91] [92] [93] [94] [95] [96] [97] [98] [99] [100] [10
1] [102] [103] [104] [105] [106] [107] [108] [109] [110] [111] [112] [113] [114
] [115] [116] [117] [118] [119] [120] [121] [122] [123] [124] [125] [126] [127]
[128] [129] [130] [131] [132] [133] [134] [135] [136] [137] [138] [139] [140] [
141] [142] [143] [144] [145] [146] [147] [148] [149] [150] [151] [152] [153] [1
54] [155] [156] [157] [158] [159] [160] [161] [162] [163] [164] [165] [166] [16
7] [168] [169] [170] [171] [172] [173] [174] [175] [176] [177] [178] [179] [180
] [181] [182] [183] [184] [185] [186] [187] [188] [189] [190] [191] [192] [193]
[194] [195] [196] [197] [198] [199] [200] [201] [202] [203] [204] [205] [206] [
207] [208] [209] [210] [211] [212] [213] [214] [215] [216] [217] [218] [219] [2
20] [221] [222] [223] [224] [225] [226] [227] [228] [229] [230] [231] [232] [23
3] [234] [235] [236] [237] [238] [239] [240] [241] [242] [243] [244] [245] [246
] [247] [248] [249] [250] [251] [252] [253] [254] [255] [256] [257]) (/usr/shar
e/texlive/texmf-dist/tex/generic/tex4ht/html-mml.4ht
version 2021-04-17-18:22
) (/usr/share/texlive/texmf-dist/tex/generic/tex4ht/html5.4ht
version 2022-01-23-07:51
)) (/usr/share/texlive/texmf-dist/tex/generic/tex4ht/amsfonts.4ht
version 2009-05-21-09:32
(/usr/share/texlive/texmf-dist/tex/generic/tex4ht/html4.4ht
version 2022-02-03-14:35
) (/usr/share/texlive/texmf-dist/tex/generic/tex4ht/unicode.4ht
version 2021-06-19-14:11
) (/usr/share/texlive/texmf-dist/tex/generic/tex4ht/mathml.4ht
version 2021-11-30-15:01
) (/usr/share/texlive/texmf-dist/tex/generic/tex4ht/html-mml.4ht
version 2021-04-17-18:22
) (/usr/share/texlive/texmf-dist/tex/generic/tex4ht/html5.4ht
version 2022-01-23-07:51
)) (/usr/share/texlive/texmf-dist/tex/generic/tex4ht/color.4ht
version 2022-02-01-14:27
(/usr/share/texlive/texmf-dist/tex/generic/tex4ht/html4.4ht
version 2022-02-03-14:35
) (/usr/share/texlive/texmf-dist/tex/generic/tex4ht/unicode.4ht
version 2021-06-19-14:11
) (/usr/share/texlive/texmf-dist/tex/generic/tex4ht/mathml.4ht
version 2021-11-30-15:01
) (/usr/share/texlive/texmf-dist/tex/generic/tex4ht/html-mml.4ht
version 2021-04-17-18:22
) (/usr/share/texlive/texmf-dist/tex/generic/tex4ht/html5.4ht
version 2022-01-23-07:51
)) (/usr/share/texlive/texmf-dist/tex/generic/tex4ht/dvipsnam.4ht
version 2009-05-21-09:32
(/usr/share/texlive/texmf-dist/tex/latex/graphics/dvipsnam.def) (/usr/share/tex
live/texmf-dist/tex/generic/tex4ht/html4.4ht
version 2022-02-03-14:35
) (/usr/share/texlive/texmf-dist/tex/generic/tex4ht/unicode.4ht
version 2021-06-19-14:11
) (/usr/share/texlive/texmf-dist/tex/generic/tex4ht/mathml.4ht
version 2021-11-30-15:01
) (/usr/share/texlive/texmf-dist/tex/generic/tex4ht/html-mml.4ht
version 2021-04-17-18:22
) (/usr/share/texlive/texmf-dist/tex/generic/tex4ht/html5.4ht
version 2022-01-23-07:51
)) (/usr/share/texlive/texmf-dist/tex/generic/tex4ht/hyperref.4ht
version 2021-05-16-13:57
LaTeX Info: Redefining \autoref on input line 88.
\Hy@SectionHShift=\skip55
(/usr/share/texlive/texmf-dist/tex/generic/tex4ht/html4.4ht
version 2022-02-03-14:35
) (/usr/share/texlive/texmf-dist/tex/generic/tex4ht/unicode.4ht
version 2021-06-19-14:11
) (/usr/share/texlive/texmf-dist/tex/generic/tex4ht/mathml.4ht
version 2021-11-30-15:01
) (/usr/share/texlive/texmf-dist/tex/generic/tex4ht/html-mml.4ht
version 2021-04-17-18:22
) (/usr/share/texlive/texmf-dist/tex/generic/tex4ht/html5.4ht
version 2022-01-23-07:51
)) (/usr/share/texlive/texmf-dist/tex/generic/tex4ht/pd1enc.4ht
version 2009-05-21-09:32
(/usr/share/texlive/texmf-dist/tex/generic/tex4ht/html4.4ht
version 2022-02-03-14:35
) (/usr/share/texlive/texmf-dist/tex/generic/tex4ht/unicode.4ht
version 2021-06-19-14:11
) (/usr/share/texlive/texmf-dist/tex/generic/tex4ht/mathml.4ht
version 2021-11-30-15:01
) (/usr/share/texlive/texmf-dist/tex/generic/tex4ht/html-mml.4ht
version 2021-04-17-18:22
) (/usr/share/texlive/texmf-dist/tex/generic/tex4ht/html5.4ht
version 2022-01-23-07:51
)) (/usr/share/texlive/texmf-dist/tex/generic/tex4ht/url.4ht
version 2022-01-02-14:32
(/usr/share/texlive/texmf-dist/tex/generic/tex4ht/html4.4ht
version 2022-02-03-14:35
--------------------------------------
--- Note --- for URL encoding within href use the command line option `url-enc'

--------------------------------------
) (/usr/share/texlive/texmf-dist/tex/generic/tex4ht/unicode.4ht
version 2021-06-19-14:11
) (/usr/share/texlive/texmf-dist/tex/generic/tex4ht/mathml.4ht
version 2021-11-30-15:01
) (/usr/share/texlive/texmf-dist/tex/generic/tex4ht/html-mml.4ht
version 2021-04-17-18:22
) (/usr/share/texlive/texmf-dist/tex/generic/tex4ht/html5.4ht
version 2022-01-23-07:51
)) (/usr/share/texlive/texmf-dist/tex/generic/tex4ht/ifthen.4ht
version 2022-01-02-14:32
(/usr/share/texlive/texmf-dist/tex/generic/tex4ht/html4.4ht
version 2022-02-03-14:35
) (/usr/share/texlive/texmf-dist/tex/generic/tex4ht/unicode.4ht
version 2021-06-19-14:11
) (/usr/share/texlive/texmf-dist/tex/generic/tex4ht/mathml.4ht
version 2021-11-30-15:01
) (/usr/share/texlive/texmf-dist/tex/generic/tex4ht/html-mml.4ht
version 2021-04-17-18:22
) (/usr/share/texlive/texmf-dist/tex/generic/tex4ht/html5.4ht
version 2022-01-23-07:51
)) (/usr/share/texlive/texmf-dist/tex/generic/tex4ht/nameref.4ht
version 2021-02-03-14:57
(/usr/share/texlive/texmf-dist/tex/generic/tex4ht/html4.4ht
version 2022-02-03-14:35
) (/usr/share/texlive/texmf-dist/tex/generic/tex4ht/unicode.4ht
version 2021-06-19-14:11
) (/usr/share/texlive/texmf-dist/tex/generic/tex4ht/mathml.4ht
version 2021-11-30-15:01
) (/usr/share/texlive/texmf-dist/tex/generic/tex4ht/html-mml.4ht
version 2021-04-17-18:22
) (/usr/share/texlive/texmf-dist/tex/generic/tex4ht/html5.4ht
version 2022-01-23-07:51
)) (/usr/share/texlive/texmf-dist/tex/generic/tex4ht/hypcap.4ht
version 2009-05-21-09:32
(/usr/share/texlive/texmf-dist/tex/generic/tex4ht/html4.4ht
version 2022-02-03-14:35
) (/usr/share/texlive/texmf-dist/tex/generic/tex4ht/unicode.4ht
version 2021-06-19-14:11
) (/usr/share/texlive/texmf-dist/tex/generic/tex4ht/mathml.4ht
version 2021-11-30-15:01
) (/usr/share/texlive/texmf-dist/tex/generic/tex4ht/html-mml.4ht
version 2021-04-17-18:22
) (/usr/share/texlive/texmf-dist/tex/generic/tex4ht/html5.4ht
version 2022-01-23-07:51
)) (/usr/share/texlive/texmf-dist/tex/generic/tex4ht/booktabs.4ht
version 2009-05-21-09:32
(/usr/share/texlive/texmf-dist/tex/generic/tex4ht/html4.4ht
version 2022-02-03-14:35
) (/usr/share/texlive/texmf-dist/tex/generic/tex4ht/unicode.4ht
version 2021-06-19-14:11
) (/usr/share/texlive/texmf-dist/tex/generic/tex4ht/mathml.4ht
version 2021-11-30-15:01
) (/usr/share/texlive/texmf-dist/tex/generic/tex4ht/html-mml.4ht
version 2021-04-17-18:22
) (/usr/share/texlive/texmf-dist/tex/generic/tex4ht/html5.4ht
version 2022-01-23-07:51
)) (/usr/share/texlive/texmf-dist/tex/generic/tex4ht/makeidx.4ht
version 2009-05-21-09:32
(/usr/share/texlive/texmf-dist/tex/generic/tex4ht/html4.4ht
version 2022-02-03-14:35
) (/usr/share/texlive/texmf-dist/tex/generic/tex4ht/unicode.4ht
version 2021-06-19-14:11
) (/usr/share/texlive/texmf-dist/tex/generic/tex4ht/mathml.4ht
version 2021-11-30-15:01
) (/usr/share/texlive/texmf-dist/tex/generic/tex4ht/html-mml.4ht
version 2021-04-17-18:22
) (/usr/share/texlive/texmf-dist/tex/generic/tex4ht/html5.4ht
version 2022-01-23-07:51
)) (/usr/share/texlive/texmf-dist/tex/generic/tex4ht/llncs-a.4ht
version 2009-05-21-09:32
(/usr/share/texlive/texmf-dist/tex/generic/tex4ht/html4.4ht
version 2022-02-03-14:35
) (/usr/share/texlive/texmf-dist/tex/generic/tex4ht/unicode.4ht
version 2021-06-19-14:11
) (/usr/share/texlive/texmf-dist/tex/generic/tex4ht/mathml.4ht
version 2021-11-30-15:01
) (/usr/share/texlive/texmf-dist/tex/generic/tex4ht/html-mml.4ht
version 2021-04-17-18:22
) (/usr/share/texlive/texmf-dist/tex/generic/tex4ht/html5.4ht
version 2022-01-23-07:51
)) (/usr/share/texlive/texmf-dist/tex/generic/tex4ht/html4.4ht
version 2022-02-03-14:35
) (/usr/share/texlive/texmf-dist/tex/generic/tex4ht/unicode.4ht
version 2021-06-19-14:11
) (/usr/share/texlive/texmf-dist/tex/generic/tex4ht/mathml.4ht
version 2021-11-30-15:01
) (/usr/share/texlive/texmf-dist/tex/generic/tex4ht/html-mml.4ht
version 2021-04-17-18:22
) (/usr/share/texlive/texmf-dist/tex/generic/tex4ht/html5.4ht
version 2022-01-23-07:51
)) (/usr/share/texlive/texmf-dist/tex/latex/l3backend/l3backend-dvips.def
File: l3backend-dvips.def 2022-01-12 L3 backend support: dvips
\l__pdf_internal_box=\box101
\g__pdf_backend_object_int=\count316
\l__pdf_backend_content_box=\box102
\l__pdf_backend_model_box=\box103
\g__pdf_backend_annotation_int=\count317
\g__pdf_backend_link_int=\count318
\g__pdf_backend_link_sf_int=\count319
) (./paper459.aux)
\openout1 = `paper459.aux'.

LaTeX Font Info:    Checking defaults for OML/cmm/m/it on input line 43.
LaTeX Font Info:    ... okay on input line 43.
LaTeX Font Info:    Checking defaults for OMS/cmsy/m/n on input line 43.
LaTeX Font Info:    ... okay on input line 43.
LaTeX Font Info:    Checking defaults for OT1/cmr/m/n on input line 43.
LaTeX Font Info:    ... okay on input line 43.
LaTeX Font Info:    Checking defaults for T1/cmr/m/n on input line 43.
LaTeX Font Info:    ... okay on input line 43.
LaTeX Font Info:    Checking defaults for TS1/cmr/m/n on input line 43.
LaTeX Font Info:    ... okay on input line 43.
LaTeX Font Info:    Checking defaults for OMX/cmex/m/n on input line 43.
LaTeX Font Info:    ... okay on input line 43.
LaTeX Font Info:    Checking defaults for U/cmr/m/n on input line 43.
LaTeX Font Info:    ... okay on input line 43.
LaTeX Font Info:    Checking defaults for PD1/pdf/m/n on input line 43.
LaTeX Font Info:    ... okay on input line 43.
LaTeX Font Info:    Checking defaults for PU/pdf/m/n on input line 43.
LaTeX Font Info:    ... okay on input line 43.

LaTeX Warning: First page is already shipped out, ignoring
               \AtBeginDvi on input line 43.

Package hyperref Info: Link coloring ON on input line 43.
LaTeX Info: Redefining \ref on input line 43.
LaTeX Info: Redefining \pageref on input line 43.
LaTeX Info: Redefining \nameref on input line 43.
--- file paper459.css ---
[1] [2

] [1] [2

] [1] [2] [3] [4] [5] [6

]
! Undefined control sequence.
\capstart ->\ifcapstart \H@refstepcounter 
                                          \@captype \hyper@makecurrent \@cap...
l.93 \begin{figure}[t]
                      
The control sequence at the end of the top line
of your error message was never \def'ed. If you have
misspelled it (e.g., `\hobx'), type `I' and the correct
spelling (e.g., `I\hbox'). Otherwise just continue,
and I'll forget about whatever was undefined.

l.95 --- TeX4ht warning --- File `"u-net-illustration-correct-scale2.xbb"' not 
found ---
l.95 --- TeX4ht warning --- Cannot determine size of graphic in "u-net-illustra
tion-correct-scale2.xbb" (no BoundingBox) ---
l. 95 --- needs --- u-net-illustration-correct-scale2-.png ---
[7

] [8

] [9

]
! Undefined control sequence.
\capstart ->\ifcapstart \H@refstepcounter 
                                          \@captype \hyper@makecurrent \@cap...
l.105 \begin{figure}[t]
                       
The control sequence at the end of the top line
of your error message was never \def'ed. If you have
misspelled it (e.g., `\hobx'), type `I' and the correct
spelling (e.g., `I\hbox'). Otherwise just continue,
and I'll forget about whatever was undefined.

l.107 --- TeX4ht warning --- File `"overlap-tile.xbb"' not found ---
l.107 --- TeX4ht warning --- Cannot determine size of graphic in "overlap-tile.
xbb" (no BoundingBox) ---
l. 107 --- needs --- overlap-tile-.png ---
[10

] [11

]
LaTeX Font Info:    Trying to load font information for U+dsrom on input line 1
33.
(/usr/share/texlive/texmf-dist/tex/latex/doublestroke/Udsrom.fd
File: Udsrom.fd 1995/08/01 v0.1 Double stroke roman font definitions
) [12] [13] [14

]
! Undefined control sequence.
\capstart ->\ifcapstart \H@refstepcounter 
                                          \@captype \hyper@makecurrent \@cap...
l.136 \begin{figure}[tbp]
                         
The control sequence at the end of the top line
of your error message was never \def'ed. If you have
misspelled it (e.g., `\hobx'), type `I' and the correct
spelling (e.g., `I\hbox'). Otherwise just continue,
and I'll forget about whatever was undefined.

l.138 --- TeX4ht warning --- File `"DIC-C2DH-HeLa-02-t038.xbb"' not found ---
l.138 --- TeX4ht warning --- Cannot determine size of graphic in "DIC-C2DH-HeLa
-02-t038.xbb" (no BoundingBox) ---
l. 138 --- needs --- DIC-C2DH-HeLa-02-t038.png ---
l.139 --- TeX4ht warning --- File `"DIC-C2DH-HeLa-02-t038-overlay.xbb"' not fou
nd ---
l.139 --- TeX4ht warning --- Cannot determine size of graphic in "DIC-C2DH-HeLa
-02-t038-overlay.xbb" (no BoundingBox) ---
l. 139 --- needs --- DIC-C2DH-HeLa-02-t038-overlay.png ---
l.140 --- TeX4ht warning --- File `"DIC-C2DH-HeLa-02-t038-mask.xbb"' not found 
---
l.140 --- TeX4ht warning --- Cannot determine size of graphic in "DIC-C2DH-HeLa
-02-t038-mask.xbb" (no BoundingBox) ---
l. 140 --- needs --- DIC-C2DH-HeLa-02-t038-mask.png ---
l.141 --- TeX4ht warning --- File `"weightmap.xbb"' not found ---
l.141 --- TeX4ht warning --- Cannot determine size of graphic in "weightmap.xbb
" (no BoundingBox) ---
l. 141 --- needs --- weightmap.png ---
[15

] [16

] [17] [18

]
! Undefined control sequence.
\capstart ->\ifcapstart \H@refstepcounter 
                                          \@captype \hyper@makecurrent \@cap...
l.167 \begin{table}[bp]
                       
The control sequence at the end of the top line
of your error message was never \def'ed. If you have
misspelled it (e.g., `\hobx'), type `I' and the correct
spelling (e.g., `I\hbox'). Otherwise just continue,
and I'll forget about whatever was undefined.

[19

] [20

] [21

]
! Undefined control sequence.
\capstart ->\ifcapstart \H@refstepcounter 
                                          \@captype \hyper@makecurrent \@cap...
l.191 \begin{figure}[tbp]
                         
The control sequence at the end of the top line
of your error message was never \def'ed. If you have
misspelled it (e.g., `\hobx'), type `I' and the correct
spelling (e.g., `I\hbox'). Otherwise just continue,
and I'll forget about whatever was undefined.

l.193 --- TeX4ht warning --- File `"PhC-C2DH-U373-crop1.xbb"' not found ---
l.193 --- TeX4ht warning --- Cannot determine size of graphic in "PhC-C2DH-U373
-crop1.xbb" (no BoundingBox) ---
l. 193 --- needs --- PhC-C2DH-U373-crop1.png ---
l.194 --- TeX4ht warning --- File `"PhC-C2DH-U373-crop1-result.xbb"' not found 
---
l.194 --- TeX4ht warning --- Cannot determine size of graphic in "PhC-C2DH-U373
-crop1-result.xbb" (no BoundingBox) ---
l. 194 --- needs --- PhC-C2DH-U373-crop1-result.png ---
l.195 --- TeX4ht warning --- File `"DIC-HeLa-1.xbb"' not found ---
l.195 --- TeX4ht warning --- Cannot determine size of graphic in "DIC-HeLa-1.xb
b" (no BoundingBox) ---
l. 195 --- needs --- DIC-HeLa-1.png ---
l.196 --- TeX4ht warning --- File `"DIC-HeLa-1_result.xbb"' not found ---
l.196 --- TeX4ht warning --- Cannot determine size of graphic in "DIC-HeLa-1_re
sult.xbb" (no BoundingBox) ---
l. 196 --- needs --- DIC-HeLa-1_result.png ---
[22

] [23

] [24

]
! Undefined control sequence.
\capstart ->\ifcapstart \H@refstepcounter 
                                          \@captype \hyper@makecurrent \@cap...
l.201 \begin{table}[tbp]
                        
The control sequence at the end of the top line
of your error message was never \def'ed. If you have
misspelled it (e.g., `\hobx'), type `I' and the correct
spelling (e.g., `I\hbox'). Otherwise just continue,
and I'll forget about whatever was undefined.

[25

] (./paper459.bbl [26

] [27]) (./paper459.4ct) [28] (./paper459.aux) ) 
Here is how much of TeX's memory you used:
 15761 strings out of 478288
 235217 string characters out of 5849315
 652147 words of memory out of 5000000
 33412 multiletter control sequences out of 15000+600000
 479455 words of font info for 70 fonts, out of 8000000 for 9000
 1141 hyphenation exceptions out of 8191
 89i,12n,113p,1774b,660s stack positions out of 5000i,500n,10000p,200000b,80000s

Output written on paper459.dvi (289 pages, 157444 bytes).
